<?xml version="1.0" encoding="UTF-8"?>
<testng-results skipped="0" failed="0" ignored="0" total="1" passed="1">
  <reporter-output>
  </reporter-output>
  <suite name="Command line suite" duration-ms="83" started-at="2017-11-03T12:27:16Z" finished-at="2017-11-03T12:27:16Z">
    <groups>
    </groups>
    <test name="Command line test" duration-ms="83" started-at="2017-11-03T12:27:16Z" finished-at="2017-11-03T12:27:16Z">
      <class name="Selenium.AppTest">
        <test-method status="PASS" signature="testApp()" name="testApp" duration-ms="12" started-at="2017-11-03T17:57:16Z" finished-at="2017-11-03T17:57:16Z">
          <reporter-output>
          </reporter-output>
        </test-method> <!-- testApp -->
      </class> <!-- Selenium.AppTest -->
    </test> <!-- Command line test -->
  </suite> <!-- Command line suite -->
</testng-results>
