<?xml version="1.0" encoding="UTF-8"?>
<!-- Generated by org.testng.reporters.JUnitXMLReporter -->
<testsuite hostname="ind496" ignored="1" name="Test" tests="5" failures="0" timestamp="24 Jan 2018 11:17:35 GMT" time="0.061" errors="0">
  <testcase name="test6" time="0.012" classname="Selenium.RestAPITest"/>
  <testcase name="test1" time="0.002" classname="Selenium.SeleniumTest"/>
  <testcase name="test2" time="0.002" classname="Selenium.SeleniumTest"/>
  <testcase name="test3" time="0.002" classname="Selenium.AppiumTest"/>
  <testcase name="test4" time="0.002" classname="Selenium.AppiumTest"/>
  <testcase name="test5" time="0.0" classname="Selenium.RestAPITest">
    <ignored/>
  </testcase> <!-- test5 -->
</testsuite> <!-- Test -->
