<?xml version="1.0" encoding="UTF-8"?>
<!-- Generated by org.testng.reporters.JUnitXMLReporter -->
<testsuite hostname="ind496" ignored="0" name="Command line test" tests="6" failures="0" timestamp="03 Nov 2017 12:27:16 GMT" time="0.037" errors="0">
  <testcase name="test1" time="0.006" classname="Selenium.SeleniumTest"/>
  <testcase name="test2" time="0.0" classname="Selenium.SeleniumTest"/>
  <testcase name="test3" time="0.001" classname="Selenium.AppiumTest"/>
  <testcase name="test4" time="0.0" classname="Selenium.AppiumTest"/>
  <testcase name="test5" time="0.0" classname="Selenium.RestAPITest"/>
  <testcase name="test6" time="0.0" classname="Selenium.RestAPITest"/>
</testsuite> <!-- Command line test -->
