<?xml version="1.0" encoding="UTF-8" ?>
<testsuite tests="5" failures="0" name="TestSuite" time="0.611" errors="0" skipped="0">
  <properties>
[...]
</properties>
  <testcase classname="Selenium.RestAPITest" name="test6" time="0.006"/>
  <testcase classname="Selenium.SeleniumTest" name="test1" time="0.001"/>
  <testcase classname="Selenium.SeleniumTest" name="test2" time="0"/>
  <testcase classname="Selenium.AppiumTest" name="test3" time="0"/>
  <testcase classname="Selenium.AppiumTest" name="test4" time="0"/>
</testsuite>