<?xml version="1.0" encoding="UTF-8"?>
<testng-results skipped="0" failed="0" ignored="1" total="6" passed="5">
  <reporter-output>
  </reporter-output>
  <suite name="Suite" duration-ms="37" started-at="2018-02-23T11:01:13Z" finished-at="2018-02-23T11:01:13Z">
    <groups>
    </groups>
    <test name="Test" duration-ms="37" started-at="2018-02-23T11:01:13Z" finished-at="2018-02-23T11:01:13Z">
      <class name="Selenium.SeleniumTest">
        <test-method status="PASS" signature="test1()[pri:0, instance:Selenium.SeleniumTest@16532d6]" name="test1" duration-ms="1" started-at="2018-02-23T16:31:13Z" finished-at="2018-02-23T16:31:13Z">
          <reporter-output>
          </reporter-output>
        </test-method> <!-- test1 -->
        <test-method status="PASS" signature="test2()[pri:0, instance:Selenium.SeleniumTest@16532d6]" name="test2" duration-ms="0" started-at="2018-02-23T16:31:13Z" finished-at="2018-02-23T16:31:13Z">
          <reporter-output>
          </reporter-output>
        </test-method> <!-- test2 -->
      </class> <!-- Selenium.SeleniumTest -->
      <class name="Selenium.AppiumTest">
        <test-method status="PASS" signature="test4()[pri:0, instance:Selenium.AppiumTest@196751b]" name="test4" duration-ms="0" started-at="2018-02-23T16:31:13Z" finished-at="2018-02-23T16:31:13Z">
          <reporter-output>
          </reporter-output>
        </test-method> <!-- test4 -->
        <test-method status="PASS" signature="test3()[pri:0, instance:Selenium.AppiumTest@196751b]" name="test3" duration-ms="0" started-at="2018-02-23T16:31:13Z" finished-at="2018-02-23T16:31:13Z">
          <reporter-output>
          </reporter-output>
        </test-method> <!-- test3 -->
      </class> <!-- Selenium.AppiumTest -->
      <class name="Selenium.RestAPITest">
        <test-method status="PASS" signature="test6()[pri:0, instance:Selenium.RestAPITest@12cbfa]" name="test6" duration-ms="7" started-at="2018-02-23T16:31:13Z" finished-at="2018-02-23T16:31:13Z">
          <reporter-output>
          </reporter-output>
        </test-method> <!-- test6 -->
      </class> <!-- Selenium.RestAPITest -->
    </test> <!-- Test -->
  </suite> <!-- Suite -->
</testng-results>
