<?xml version="1.0" encoding="UTF-8"?>
<testng-results skipped="0" failed="0" ignored="1" total="6" passed="5">
  <reporter-output>
  </reporter-output>
  <suite name="Suite" duration-ms="61" started-at="2018-01-24T11:17:34Z" finished-at="2018-01-24T11:17:35Z">
    <groups>
    </groups>
    <test name="Test" duration-ms="61" started-at="2018-01-24T11:17:34Z" finished-at="2018-01-24T11:17:35Z">
      <class name="Selenium.SeleniumTest">
        <test-method status="PASS" signature="test1()[pri:0, instance:Selenium.SeleniumTest@85bdee]" name="test1" duration-ms="2" started-at="2018-01-24T16:47:35Z" finished-at="2018-01-24T16:47:35Z">
          <reporter-output>
          </reporter-output>
        </test-method> <!-- test1 -->
        <test-method status="PASS" signature="test2()[pri:0, instance:Selenium.SeleniumTest@85bdee]" name="test2" duration-ms="2" started-at="2018-01-24T16:47:35Z" finished-at="2018-01-24T16:47:35Z">
          <reporter-output>
          </reporter-output>
        </test-method> <!-- test2 -->
      </class> <!-- Selenium.SeleniumTest -->
      <class name="Selenium.AppiumTest">
        <test-method status="PASS" signature="test3()[pri:0, instance:Selenium.AppiumTest@e92674]" name="test3" duration-ms="2" started-at="2018-01-24T16:47:35Z" finished-at="2018-01-24T16:47:35Z">
          <reporter-output>
          </reporter-output>
        </test-method> <!-- test3 -->
        <test-method status="PASS" signature="test4()[pri:0, instance:Selenium.AppiumTest@e92674]" name="test4" duration-ms="2" started-at="2018-01-24T16:47:35Z" finished-at="2018-01-24T16:47:35Z">
          <reporter-output>
          </reporter-output>
        </test-method> <!-- test4 -->
      </class> <!-- Selenium.AppiumTest -->
      <class name="Selenium.RestAPITest">
        <test-method status="PASS" signature="test6()[pri:0, instance:Selenium.RestAPITest@1686d1f]" name="test6" duration-ms="12" started-at="2018-01-24T16:47:35Z" finished-at="2018-01-24T16:47:35Z">
          <reporter-output>
          </reporter-output>
        </test-method> <!-- test6 -->
      </class> <!-- Selenium.RestAPITest -->
    </test> <!-- Test -->
  </suite> <!-- Suite -->
</testng-results>
